{"/Users/joe/PROJECTS/charlie/src/app.js": {"path":"/Users/joe/PROJECTS/charlie/src/app.js","statementMap":{"0":{"start":{"line":10,"column":24},"end":{"line":14,"column":1}},"1":{"start":{"line":24,"column":4},"end":{"line":36,"column":7}},"2":{"start":{"line":25,"column":6},"end":{"line":28,"column":7}},"3":{"start":{"line":26,"column":8},"end":{"line":26,"column":42}},"4":{"start":{"line":27,"column":8},"end":{"line":27,"column":62}},"5":{"start":{"line":30,"column":6},"end":{"line":30,"column":36}},"6":{"start":{"line":31,"column":6},"end":{"line":35,"column":9}},"7":{"start":{"line":40,"column":4},"end":{"line":40,"column":24}},"8":{"start":{"line":41,"column":4},"end":{"line":43,"column":18}},"9":{"start":{"line":42,"column":6},"end":{"line":42,"column":26}},"10":{"start":{"line":47,"column":4},"end":{"line":47,"column":28}},"11":{"start":{"line":51,"column":4},"end":{"line":51,"column":38}},"12":{"start":{"line":52,"column":4},"end":{"line":52,"column":28}},"13":{"start":{"line":56,"column":4},"end":{"line":56,"column":38}},"14":{"start":{"line":60,"column":23},"end":{"line":60,"column":33}},"15":{"start":{"line":61,"column":4},"end":{"line":63,"column":53}},"16":{"start":{"line":67,"column":39},"end":{"line":67,"column":49}},"17":{"start":{"line":69,"column":4},"end":{"line":85,"column":6}},"18":{"start":{"line":76,"column":12},"end":{"line":80,"column":13}}},"fnMap":{"0":{"name":"(anonymous_0)","decl":{"start":{"line":23,"column":17},"end":{"line":23,"column":18}},"loc":{"start":{"line":23,"column":23},"end":{"line":37,"column":3}},"line":23},"1":{"name":"(anonymous_1)","decl":{"start":{"line":24,"column":21},"end":{"line":24,"column":22}},"loc":{"start":{"line":24,"column":31},"end":{"line":36,"column":5}},"line":24},"2":{"name":"(anonymous_2)","decl":{"start":{"line":39,"column":21},"end":{"line":39,"column":22}},"loc":{"start":{"line":39,"column":27},"end":{"line":44,"column":3}},"line":39},"3":{"name":"(anonymous_3)","decl":{"start":{"line":41,"column":37},"end":{"line":41,"column":38}},"loc":{"start":{"line":41,"column":43},"end":{"line":43,"column":5}},"line":41},"4":{"name":"(anonymous_4)","decl":{"start":{"line":46,"column":2},"end":{"line":46,"column":3}},"loc":{"start":{"line":46,"column":22},"end":{"line":48,"column":3}},"line":46},"5":{"name":"(anonymous_5)","decl":{"start":{"line":50,"column":18},"end":{"line":50,"column":19}},"loc":{"start":{"line":50,"column":24},"end":{"line":53,"column":3}},"line":50},"6":{"name":"(anonymous_6)","decl":{"start":{"line":55,"column":2},"end":{"line":55,"column":3}},"loc":{"start":{"line":55,"column":25},"end":{"line":57,"column":3}},"line":55},"7":{"name":"(anonymous_7)","decl":{"start":{"line":59,"column":22},"end":{"line":59,"column":23}},"loc":{"start":{"line":59,"column":28},"end":{"line":64,"column":3}},"line":59},"8":{"name":"(anonymous_8)","decl":{"start":{"line":66,"column":2},"end":{"line":66,"column":3}},"loc":{"start":{"line":66,"column":11},"end":{"line":86,"column":3}},"line":66},"9":{"name":"(anonymous_9)","decl":{"start":{"line":75,"column":39},"end":{"line":75,"column":40}},"loc":{"start":{"line":76,"column":12},"end":{"line":80,"column":13}},"line":76}},"branchMap":{"0":{"loc":{"start":{"line":25,"column":6},"end":{"line":28,"column":7}},"type":"if","locations":[{"start":{"line":25,"column":6},"end":{"line":28,"column":7}},{"start":{"line":25,"column":6},"end":{"line":28,"column":7}}],"line":25},"1":{"loc":{"start":{"line":61,"column":11},"end":{"line":63,"column":52}},"type":"cond-expr","locations":[{"start":{"line":62,"column":8},"end":{"line":62,"column":52}},{"start":{"line":63,"column":8},"end":{"line":63,"column":52}}],"line":61},"2":{"loc":{"start":{"line":72,"column":9},"end":{"line":82,"column":9}},"type":"cond-expr","locations":[{"start":{"line":73,"column":10},"end":{"line":73,"column":36}},{"start":{"line":75,"column":10},"end":{"line":81,"column":11}}],"line":72},"3":{"loc":{"start":{"line":72,"column":9},"end":{"line":72,"column":25}},"type":"binary-expr","locations":[{"start":{"line":72,"column":9},"end":{"line":72,"column":14}},{"start":{"line":72,"column":18},"end":{"line":72,"column":25}}],"line":72},"4":{"loc":{"start":{"line":76,"column":12},"end":{"line":80,"column":13}},"type":"cond-expr","locations":[{"start":{"line":77,"column":14},"end":{"line":77,"column":37}},{"start":{"line":79,"column":14},"end":{"line":79,"column":56}}],"line":76}},"s":{"0":0,"1":0,"2":0,"3":0,"4":0,"5":0,"6":0,"7":0,"8":0,"9":0,"10":0,"11":0,"12":0,"13":0,"14":0,"15":0,"16":0,"17":0,"18":0},"f":{"0":0,"1":0,"2":0,"3":0,"4":0,"5":0,"6":0,"7":0,"8":0,"9":0},"b":{"0":[0,0],"1":[0,0],"2":[0,0],"3":[0,0],"4":[0,0]}}
,"/Users/joe/PROJECTS/charlie/src/constants.js": {"path":"/Users/joe/PROJECTS/charlie/src/constants.js","statementMap":{"0":{"start":{"line":1,"column":26},"end":{"line":1,"column":32}},"1":{"start":{"line":2,"column":21},"end":{"line":2,"column":30}},"2":{"start":{"line":3,"column":19},"end":{"line":3,"column":28}}},"fnMap":{},"branchMap":{},"s":{"0":2,"1":2,"2":2},"f":{},"b":{},"_coverageSchema":"43e27e138ebf9cfc5966b082cf9a028302ed4184","hash":"b248532e33d9eb393c01da677626a972f111e5ab"}
,"/Users/joe/PROJECTS/charlie/src/fetchData.js": {"path":"/Users/joe/PROJECTS/charlie/src/fetchData.js","statementMap":{"0":{"start":{"line":3,"column":15},"end":{"line":3,"column":50}},"1":{"start":{"line":5,"column":0},"end":{"line":9,"column":1}},"2":{"start":{"line":6,"column":2},"end":{"line":6,"column":61}},"3":{"start":{"line":8,"column":2},"end":{"line":8,"column":62}},"4":{"start":{"line":11,"column":13},"end":{"line":11,"column":30}},"5":{"start":{"line":12,"column":26},"end":{"line":12,"column":27}},"6":{"start":{"line":14,"column":25},"end":{"line":104,"column":1}},"7":{"start":{"line":18,"column":29},"end":{"line":27,"column":3}},"8":{"start":{"line":20,"column":6},"end":{"line":25,"column":8}},"9":{"start":{"line":29,"column":2},"end":{"line":103,"column":7}},"10":{"start":{"line":31,"column":6},"end":{"line":31,"column":39}},"11":{"start":{"line":33,"column":23},"end":{"line":78,"column":8}},"12":{"start":{"line":34,"column":19},"end":{"line":34,"column":24}},"13":{"start":{"line":35,"column":26},"end":{"line":35,"column":39}},"14":{"start":{"line":36,"column":70},"end":{"line":36,"column":79}},"15":{"start":{"line":39,"column":29},"end":{"line":41,"column":9}},"16":{"start":{"line":40,"column":16},"end":{"line":40,"column":77}},"17":{"start":{"line":42,"column":21},"end":{"line":42,"column":43}},"18":{"start":{"line":43,"column":25},"end":{"line":43,"column":72}},"19":{"start":{"line":44,"column":25},"end":{"line":45,"column":15}},"20":{"start":{"line":46,"column":27},"end":{"line":46,"column":78}},"21":{"start":{"line":47,"column":29},"end":{"line":47,"column":68}},"22":{"start":{"line":49,"column":10},"end":{"line":50,"column":50}},"23":{"start":{"line":52,"column":22},"end":{"line":52,"column":38}},"24":{"start":{"line":53,"column":26},"end":{"line":53,"column":47}},"25":{"start":{"line":54,"column":28},"end":{"line":56,"column":38}},"26":{"start":{"line":55,"column":25},"end":{"line":55,"column":45}},"27":{"start":{"line":57,"column":33},"end":{"line":57,"column":65}},"28":{"start":{"line":57,"column":56},"end":{"line":57,"column":64}},"29":{"start":{"line":59,"column":27},"end":{"line":61,"column":9}},"30":{"start":{"line":60,"column":18},"end":{"line":60,"column":69}},"31":{"start":{"line":63,"column":8},"end":{"line":77,"column":10}},"32":{"start":{"line":80,"column":6},"end":{"line":83,"column":8}},"33":{"start":{"line":81,"column":41},"end":{"line":81,"column":53}},"34":{"start":{"line":82,"column":41},"end":{"line":82,"column":54}},"35":{"start":{"line":100,"column":6},"end":{"line":100,"column":46}},"36":{"start":{"line":101,"column":33},"end":{"line":101,"column":34}},"37":{"start":{"line":102,"column":6},"end":{"line":102,"column":43}}},"fnMap":{"0":{"name":"(anonymous_0)","decl":{"start":{"line":14,"column":25},"end":{"line":14,"column":26}},"loc":{"start":{"line":14,"column":31},"end":{"line":104,"column":1}},"line":14},"1":{"name":"(anonymous_1)","decl":{"start":{"line":19,"column":15},"end":{"line":19,"column":16}},"loc":{"start":{"line":20,"column":6},"end":{"line":25,"column":8}},"line":20},"2":{"name":"(anonymous_2)","decl":{"start":{"line":30,"column":10},"end":{"line":30,"column":11}},"loc":{"start":{"line":30,"column":25},"end":{"line":98,"column":5}},"line":30},"3":{"name":"(anonymous_3)","decl":{"start":{"line":33,"column":39},"end":{"line":33,"column":40}},"loc":{"start":{"line":33,"column":59},"end":{"line":78,"column":7}},"line":33},"4":{"name":"(anonymous_4)","decl":{"start":{"line":40,"column":10},"end":{"line":40,"column":11}},"loc":{"start":{"line":40,"column":16},"end":{"line":40,"column":77}},"line":40},"5":{"name":"(anonymous_5)","decl":{"start":{"line":55,"column":18},"end":{"line":55,"column":19}},"loc":{"start":{"line":55,"column":25},"end":{"line":55,"column":45}},"line":55},"6":{"name":"(anonymous_6)","decl":{"start":{"line":57,"column":49},"end":{"line":57,"column":50}},"loc":{"start":{"line":57,"column":56},"end":{"line":57,"column":64}},"line":57},"7":{"name":"(anonymous_7)","decl":{"start":{"line":60,"column":10},"end":{"line":60,"column":11}},"loc":{"start":{"line":60,"column":18},"end":{"line":60,"column":69}},"line":60},"8":{"name":"(anonymous_8)","decl":{"start":{"line":81,"column":33},"end":{"line":81,"column":34}},"loc":{"start":{"line":81,"column":41},"end":{"line":81,"column":53}},"line":81},"9":{"name":"(anonymous_9)","decl":{"start":{"line":82,"column":33},"end":{"line":82,"column":34}},"loc":{"start":{"line":82,"column":41},"end":{"line":82,"column":54}},"line":82},"10":{"name":"(anonymous_10)","decl":{"start":{"line":99,"column":11},"end":{"line":99,"column":12}},"loc":{"start":{"line":99,"column":16},"end":{"line":103,"column":5}},"line":99}},"branchMap":{"0":{"loc":{"start":{"line":40,"column":16},"end":{"line":40,"column":77}},"type":"binary-expr","locations":[{"start":{"line":40,"column":16},"end":{"line":40,"column":22}},{"start":{"line":40,"column":26},"end":{"line":40,"column":77}}],"line":40},"1":{"loc":{"start":{"line":49,"column":10},"end":{"line":50,"column":50}},"type":"binary-expr","locations":[{"start":{"line":49,"column":10},"end":{"line":49,"column":57}},{"start":{"line":50,"column":10},"end":{"line":50,"column":50}}],"line":49},"2":{"loc":{"start":{"line":55,"column":25},"end":{"line":55,"column":45}},"type":"binary-expr","locations":[{"start":{"line":55,"column":25},"end":{"line":55,"column":33}},{"start":{"line":55,"column":37},"end":{"line":55,"column":45}}],"line":55},"3":{"loc":{"start":{"line":60,"column":18},"end":{"line":60,"column":69}},"type":"binary-expr","locations":[{"start":{"line":60,"column":18},"end":{"line":60,"column":35}},{"start":{"line":60,"column":39},"end":{"line":60,"column":69}}],"line":60}},"s":{"0":0,"1":0,"2":0,"3":0,"4":0,"5":0,"6":0,"7":0,"8":0,"9":0,"10":0,"11":0,"12":0,"13":0,"14":0,"15":0,"16":0,"17":0,"18":0,"19":0,"20":0,"21":0,"22":0,"23":0,"24":0,"25":0,"26":0,"27":0,"28":0,"29":0,"30":0,"31":0,"32":0,"33":0,"34":0,"35":0,"36":0,"37":0},"f":{"0":0,"1":0,"2":0,"3":0,"4":0,"5":0,"6":0,"7":0,"8":0,"9":0,"10":0},"b":{"0":[0,0],"1":[0,0],"2":[0,0],"3":[0,0]}}
,"/Users/joe/PROJECTS/charlie/src/index.js": {"path":"/Users/joe/PROJECTS/charlie/src/index.js","statementMap":{"0":{"start":{"line":5,"column":0},"end":{"line":5,"column":58}}},"fnMap":{},"branchMap":{},"s":{"0":0},"f":{},"b":{}}
,"/Users/joe/PROJECTS/charlie/src/utils.js": {"path":"/Users/joe/PROJECTS/charlie/src/utils.js","statementMap":{"0":{"start":{"line":1,"column":20},"end":{"line":1,"column":79}},"1":{"start":{"line":1,"column":32},"end":{"line":1,"column":79}},"2":{"start":{"line":1,"column":55},"end":{"line":1,"column":78}}},"fnMap":{"0":{"name":"(anonymous_0)","decl":{"start":{"line":1,"column":20},"end":{"line":1,"column":21}},"loc":{"start":{"line":1,"column":32},"end":{"line":1,"column":79}},"line":1},"1":{"name":"(anonymous_1)","decl":{"start":{"line":1,"column":44},"end":{"line":1,"column":45}},"loc":{"start":{"line":1,"column":55},"end":{"line":1,"column":78}},"line":1}},"branchMap":{"0":{"loc":{"start":{"line":1,"column":21},"end":{"line":1,"column":27}},"type":"default-arg","locations":[{"start":{"line":1,"column":26},"end":{"line":1,"column":27}}],"line":1}},"s":{"0":1,"1":0,"2":0},"f":{"0":0,"1":0},"b":{"0":[0]},"_coverageSchema":"43e27e138ebf9cfc5966b082cf9a028302ed4184","hash":"ac3b00cdfd688a17008948abc17e506d88e29ea0"}
,"/Users/joe/PROJECTS/charlie/src/components/fallback.js": {"path":"/Users/joe/PROJECTS/charlie/src/components/fallback.js","statementMap":{"0":{"start":{"line":4,"column":24},"end":{"line":15,"column":1}},"1":{"start":{"line":5,"column":2},"end":{"line":14,"column":8}}},"fnMap":{"0":{"name":"(anonymous_0)","decl":{"start":{"line":4,"column":24},"end":{"line":4,"column":25}},"loc":{"start":{"line":5,"column":2},"end":{"line":14,"column":8}},"line":5}},"branchMap":{"0":{"loc":{"start":{"line":6,"column":5},"end":{"line":13,"column":5}},"type":"cond-expr","locations":[{"start":{"line":7,"column":6},"end":{"line":10,"column":12}},{"start":{"line":12,"column":6},"end":{"line":12,"column":44}}],"line":6}},"s":{"0":1,"1":2},"f":{"0":2},"b":{"0":[1,1]},"_coverageSchema":"43e27e138ebf9cfc5966b082cf9a028302ed4184","hash":"4e6a7d8e637bd65f60ccb6886feeb1a952d13838"}
,"/Users/joe/PROJECTS/charlie/src/components/footer.js": {"path":"/Users/joe/PROJECTS/charlie/src/components/footer.js","statementMap":{"0":{"start":{"line":3,"column":22},"end":{"line":3,"column":35}},"1":{"start":{"line":3,"column":28},"end":{"line":3,"column":35}}},"fnMap":{"0":{"name":"(anonymous_0)","decl":{"start":{"line":3,"column":22},"end":{"line":3,"column":23}},"loc":{"start":{"line":3,"column":28},"end":{"line":3,"column":35}},"line":3}},"branchMap":{},"s":{"0":1,"1":1},"f":{"0":1},"b":{},"_coverageSchema":"43e27e138ebf9cfc5966b082cf9a028302ed4184","hash":"e708d141506a057878efe188bfe5acae7d791cb7"}
,"/Users/joe/PROJECTS/charlie/src/components/header.js": {"path":"/Users/joe/PROJECTS/charlie/src/components/header.js","statementMap":{"0":{"start":{"line":4,"column":21},"end":{"line":8,"column":1}},"1":{"start":{"line":10,"column":21},"end":{"line":18,"column":1}},"2":{"start":{"line":20,"column":22},"end":{"line":26,"column":1}},"3":{"start":{"line":21,"column":2},"end":{"line":25,"column":4}}},"fnMap":{"0":{"name":"(anonymous_0)","decl":{"start":{"line":20,"column":22},"end":{"line":20,"column":23}},"loc":{"start":{"line":20,"column":46},"end":{"line":26,"column":1}},"line":20}},"branchMap":{},"s":{"0":1,"1":1,"2":1,"3":1},"f":{"0":1},"b":{},"_coverageSchema":"43e27e138ebf9cfc5966b082cf9a028302ed4184","hash":"414b0bd8ce362cbe0ccc9b3cffa30510474291fd"}
,"/Users/joe/PROJECTS/charlie/src/components/minutes-list.js": {"path":"/Users/joe/PROJECTS/charlie/src/components/minutes-list.js","statementMap":{"0":{"start":{"line":6,"column":23},"end":{"line":14,"column":1}},"1":{"start":{"line":13,"column":34},"end":{"line":13,"column":72}},"2":{"start":{"line":16,"column":22},"end":{"line":20,"column":1}},"3":{"start":{"line":19,"column":25},"end":{"line":19,"column":60}},"4":{"start":{"line":22,"column":27},"end":{"line":24,"column":1}},"5":{"start":{"line":23,"column":25},"end":{"line":23,"column":61}},"6":{"start":{"line":26,"column":27},"end":{"line":37,"column":1}},"7":{"start":{"line":27,"column":2},"end":{"line":36,"column":4}},"8":{"start":{"line":30,"column":8},"end":{"line":33,"column":25}},"9":{"start":{"line":39,"column":0},"end":{"line":42,"column":2}},"10":{"start":{"line":44,"column":0},"end":{"line":46,"column":2}}},"fnMap":{"0":{"name":"(anonymous_0)","decl":{"start":{"line":13,"column":11},"end":{"line":13,"column":12}},"loc":{"start":{"line":13,"column":34},"end":{"line":13,"column":72}},"line":13},"1":{"name":"(anonymous_1)","decl":{"start":{"line":19,"column":15},"end":{"line":19,"column":16}},"loc":{"start":{"line":19,"column":25},"end":{"line":19,"column":60}},"line":19},"2":{"name":"(anonymous_2)","decl":{"start":{"line":23,"column":15},"end":{"line":23,"column":16}},"loc":{"start":{"line":23,"column":25},"end":{"line":23,"column":61}},"line":23},"3":{"name":"(anonymous_3)","decl":{"start":{"line":26,"column":27},"end":{"line":26,"column":28}},"loc":{"start":{"line":26,"column":50},"end":{"line":37,"column":1}},"line":26},"4":{"name":"(anonymous_4)","decl":{"start":{"line":29,"column":16},"end":{"line":29,"column":17}},"loc":{"start":{"line":30,"column":8},"end":{"line":33,"column":25}},"line":30}},"branchMap":{"0":{"loc":{"start":{"line":13,"column":34},"end":{"line":13,"column":72}},"type":"cond-expr","locations":[{"start":{"line":13,"column":57},"end":{"line":13,"column":63}},{"start":{"line":13,"column":66},"end":{"line":13,"column":72}}],"line":13},"1":{"loc":{"start":{"line":13,"column":34},"end":{"line":13,"column":54}},"type":"binary-expr","locations":[{"start":{"line":13,"column":34},"end":{"line":13,"column":41}},{"start":{"line":13,"column":45},"end":{"line":13,"column":54}}],"line":13},"2":{"loc":{"start":{"line":19,"column":25},"end":{"line":19,"column":60}},"type":"cond-expr","locations":[{"start":{"line":19,"column":41},"end":{"line":19,"column":49}},{"start":{"line":19,"column":52},"end":{"line":19,"column":60}}],"line":19},"3":{"loc":{"start":{"line":23,"column":25},"end":{"line":23,"column":61}},"type":"cond-expr","locations":[{"start":{"line":23,"column":41},"end":{"line":23,"column":50}},{"start":{"line":23,"column":53},"end":{"line":23,"column":61}}],"line":23}},"s":{"0":2,"1":14,"2":2,"3":14,"4":2,"5":14,"6":2,"7":8,"8":14,"9":2,"10":2},"f":{"0":14,"1":14,"2":14,"3":8,"4":14},"b":{"0":[9,5],"1":[14,10],"2":[7,7],"3":[7,7]},"_coverageSchema":"43e27e138ebf9cfc5966b082cf9a028302ed4184","hash":"a596e23922000910c3318c9b10f8f60badfa6da3"}
,"/Users/joe/PROJECTS/charlie/src/components/route-item.js": {"path":"/Users/joe/PROJECTS/charlie/src/components/route-item.js","statementMap":{"0":{"start":{"line":8,"column":21},"end":{"line":14,"column":1}},"1":{"start":{"line":16,"column":20},"end":{"line":20,"column":1}},"2":{"start":{"line":18,"column":20},"end":{"line":18,"column":57}},"3":{"start":{"line":22,"column":24},"end":{"line":26,"column":1}},"4":{"start":{"line":25,"column":39},"end":{"line":25,"column":69}},"5":{"start":{"line":32,"column":4},"end":{"line":34,"column":8}},"6":{"start":{"line":32,"column":32},"end":{"line":34,"column":5}},"7":{"start":{"line":48,"column":8},"end":{"line":48,"column":18}},"8":{"start":{"line":49,"column":24},"end":{"line":49,"column":34}},"9":{"start":{"line":50,"column":4},"end":{"line":66,"column":6}},"10":{"start":{"line":70,"column":0},"end":{"line":80,"column":2}}},"fnMap":{"0":{"name":"(anonymous_0)","decl":{"start":{"line":18,"column":10},"end":{"line":18,"column":11}},"loc":{"start":{"line":18,"column":20},"end":{"line":18,"column":57}},"line":18},"1":{"name":"(anonymous_1)","decl":{"start":{"line":25,"column":29},"end":{"line":25,"column":30}},"loc":{"start":{"line":25,"column":39},"end":{"line":25,"column":69}},"line":25},"2":{"name":"(anonymous_2)","decl":{"start":{"line":31,"column":16},"end":{"line":31,"column":17}},"loc":{"start":{"line":31,"column":21},"end":{"line":35,"column":3}},"line":31},"3":{"name":"(anonymous_3)","decl":{"start":{"line":32,"column":18},"end":{"line":32,"column":19}},"loc":{"start":{"line":32,"column":32},"end":{"line":34,"column":5}},"line":32},"4":{"name":"(anonymous_4)","decl":{"start":{"line":37,"column":2},"end":{"line":37,"column":3}},"loc":{"start":{"line":37,"column":11},"end":{"line":67,"column":3}},"line":37}},"branchMap":{"0":{"loc":{"start":{"line":18,"column":20},"end":{"line":18,"column":57}},"type":"cond-expr","locations":[{"start":{"line":18,"column":36},"end":{"line":18,"column":45}},{"start":{"line":18,"column":48},"end":{"line":18,"column":57}}],"line":18},"1":{"loc":{"start":{"line":25,"column":39},"end":{"line":25,"column":69}},"type":"cond-expr","locations":[{"start":{"line":25,"column":58},"end":{"line":25,"column":63}},{"start":{"line":25,"column":66},"end":{"line":25,"column":69}}],"line":25},"2":{"loc":{"start":{"line":57,"column":18},"end":{"line":57,"column":40}},"type":"binary-expr","locations":[{"start":{"line":57,"column":18},"end":{"line":57,"column":28}},{"start":{"line":57,"column":32},"end":{"line":57,"column":40}}],"line":57}},"s":{"0":1,"1":1,"2":6,"3":1,"4":6,"5":2,"6":2,"7":6,"8":6,"9":6,"10":1},"f":{"0":6,"1":6,"2":2,"3":2,"4":6},"b":{"0":[2,4],"1":[6,0],"2":[6,1]},"_coverageSchema":"43e27e138ebf9cfc5966b082cf9a028302ed4184","hash":"747d285f0b8d9eb7ec17f5347e8cb8bab186509a"}
,"/Users/joe/PROJECTS/charlie/src/components/spacer.js": {"path":"/Users/joe/PROJECTS/charlie/src/components/spacer.js","statementMap":{"0":{"start":{"line":5,"column":21},"end":{"line":9,"column":1}},"1":{"start":{"line":11,"column":22},"end":{"line":11,"column":44}},"2":{"start":{"line":11,"column":28},"end":{"line":11,"column":44}}},"fnMap":{"0":{"name":"(anonymous_0)","decl":{"start":{"line":11,"column":22},"end":{"line":11,"column":23}},"loc":{"start":{"line":11,"column":28},"end":{"line":11,"column":44}},"line":11}},"branchMap":{},"s":{"0":1,"1":1,"2":1},"f":{"0":1},"b":{},"_coverageSchema":"43e27e138ebf9cfc5966b082cf9a028302ed4184","hash":"10a17c73d75316d70762df7f72526d656f2c6fa1"}
,"/Users/joe/PROJECTS/charlie/src/components/stop-info.js": {"path":"/Users/joe/PROJECTS/charlie/src/components/stop-info.js","statementMap":{"0":{"start":{"line":6,"column":24},"end":{"line":14,"column":1}},"1":{"start":{"line":10,"column":21},"end":{"line":10,"column":54}},"2":{"start":{"line":11,"column":27},"end":{"line":11,"column":56}},"3":{"start":{"line":12,"column":32},"end":{"line":12,"column":43}},"4":{"start":{"line":16,"column":23},"end":{"line":23,"column":1}},"5":{"start":{"line":17,"column":21},"end":{"line":17,"column":36}},"6":{"start":{"line":25,"column":24},"end":{"line":35,"column":1}},"7":{"start":{"line":32,"column":20},"end":{"line":32,"column":45}},"8":{"start":{"line":33,"column":23},"end":{"line":33,"column":50}},"9":{"start":{"line":43,"column":4},"end":{"line":43,"column":41}},"10":{"start":{"line":43,"column":34},"end":{"line":43,"column":41}},"11":{"start":{"line":45,"column":4},"end":{"line":51,"column":5}},"12":{"start":{"line":46,"column":6},"end":{"line":48,"column":9}},"13":{"start":{"line":47,"column":8},"end":{"line":47,"column":46}},"14":{"start":{"line":50,"column":6},"end":{"line":50,"column":61}},"15":{"start":{"line":55,"column":29},"end":{"line":55,"column":39}},"16":{"start":{"line":56,"column":61},"end":{"line":56,"column":71}},"17":{"start":{"line":57,"column":28},"end":{"line":57,"column":43}},"18":{"start":{"line":58,"column":22},"end":{"line":58,"column":59}},"19":{"start":{"line":59,"column":4},"end":{"line":70,"column":6}}},"fnMap":{"0":{"name":"(anonymous_0)","decl":{"start":{"line":10,"column":11},"end":{"line":10,"column":12}},"loc":{"start":{"line":10,"column":21},"end":{"line":10,"column":54}},"line":10},"1":{"name":"(anonymous_1)","decl":{"start":{"line":11,"column":17},"end":{"line":11,"column":18}},"loc":{"start":{"line":11,"column":27},"end":{"line":11,"column":56}},"line":11},"2":{"name":"(anonymous_2)","decl":{"start":{"line":12,"column":23},"end":{"line":12,"column":24}},"loc":{"start":{"line":12,"column":32},"end":{"line":12,"column":43}},"line":12},"3":{"name":"(anonymous_3)","decl":{"start":{"line":17,"column":12},"end":{"line":17,"column":13}},"loc":{"start":{"line":17,"column":21},"end":{"line":17,"column":36}},"line":17},"4":{"name":"(anonymous_4)","decl":{"start":{"line":32,"column":11},"end":{"line":32,"column":12}},"loc":{"start":{"line":32,"column":20},"end":{"line":32,"column":45}},"line":32},"5":{"name":"(anonymous_5)","decl":{"start":{"line":33,"column":13},"end":{"line":33,"column":14}},"loc":{"start":{"line":33,"column":23},"end":{"line":33,"column":50}},"line":33},"6":{"name":"(anonymous_6)","decl":{"start":{"line":42,"column":2},"end":{"line":42,"column":3}},"loc":{"start":{"line":42,"column":32},"end":{"line":52,"column":3}},"line":42},"7":{"name":"(anonymous_7)","decl":{"start":{"line":46,"column":21},"end":{"line":46,"column":22}},"loc":{"start":{"line":46,"column":27},"end":{"line":48,"column":7}},"line":46},"8":{"name":"(anonymous_8)","decl":{"start":{"line":54,"column":2},"end":{"line":54,"column":3}},"loc":{"start":{"line":54,"column":11},"end":{"line":71,"column":3}},"line":54}},"branchMap":{"0":{"loc":{"start":{"line":10,"column":21},"end":{"line":10,"column":54}},"type":"cond-expr","locations":[{"start":{"line":10,"column":39},"end":{"line":10,"column":45}},{"start":{"line":10,"column":48},"end":{"line":10,"column":54}}],"line":10},"1":{"loc":{"start":{"line":11,"column":27},"end":{"line":11,"column":56}},"type":"cond-expr","locations":[{"start":{"line":11,"column":45},"end":{"line":11,"column":50}},{"start":{"line":11,"column":53},"end":{"line":11,"column":56}}],"line":11},"2":{"loc":{"start":{"line":32,"column":20},"end":{"line":32,"column":45}},"type":"binary-expr","locations":[{"start":{"line":32,"column":20},"end":{"line":32,"column":35}},{"start":{"line":32,"column":39},"end":{"line":32,"column":45}}],"line":32},"3":{"loc":{"start":{"line":33,"column":23},"end":{"line":33,"column":50}},"type":"cond-expr","locations":[{"start":{"line":33,"column":41},"end":{"line":33,"column":44}},{"start":{"line":33,"column":47},"end":{"line":33,"column":50}}],"line":33},"4":{"loc":{"start":{"line":43,"column":4},"end":{"line":43,"column":41}},"type":"if","locations":[{"start":{"line":43,"column":4},"end":{"line":43,"column":41}},{"start":{"line":43,"column":4},"end":{"line":43,"column":41}}],"line":43},"5":{"loc":{"start":{"line":45,"column":4},"end":{"line":51,"column":5}},"type":"if","locations":[{"start":{"line":45,"column":4},"end":{"line":51,"column":5}},{"start":{"line":45,"column":4},"end":{"line":51,"column":5}}],"line":45},"6":{"loc":{"start":{"line":58,"column":22},"end":{"line":58,"column":59}},"type":"cond-expr","locations":[{"start":{"line":58,"column":31},"end":{"line":58,"column":44}},{"start":{"line":58,"column":47},"end":{"line":58,"column":59}}],"line":58},"7":{"loc":{"start":{"line":63,"column":13},"end":{"line":63,"column":52}},"type":"cond-expr","locations":[{"start":{"line":63,"column":28},"end":{"line":63,"column":37}},{"start":{"line":63,"column":40},"end":{"line":63,"column":52}}],"line":63}},"s":{"0":1,"1":8,"2":8,"3":8,"4":1,"5":8,"6":1,"7":8,"8":8,"9":4,"10":2,"11":2,"12":0,"13":0,"14":2,"15":8,"16":8,"17":8,"18":8,"19":8},"f":{"0":8,"1":8,"2":8,"3":8,"4":8,"5":8,"6":4,"7":0,"8":8},"b":{"0":[4,4],"1":[4,4],"2":[8,2],"3":[2,6],"4":[2,2],"5":[0,2],"6":[0,8],"7":[6,2]},"_coverageSchema":"43e27e138ebf9cfc5966b082cf9a028302ed4184","hash":"adbcced080485026c1efca55296ad3f2bf88bf48"}
}
